    OpenRGB v0.91
    Commit: ba57bad36152650106e1784dc8cc7df136a6090d from 2024-04-29 19:57:57 -0500
    Launched: 20240501_121709
====================================================================================================

1039  |Info:    Saving detector settings
1043  |Info:    ------------------------------------------------------
1043  |Info:    |               Start device detection               |
1043  |Info:    ------------------------------------------------------
1044  |Info:    Initializing HID interfaces: Success
1053  |Info:    ------------------------------------------------------
1053  |Info:    |             Detecting I2C interfaces               |
1053  |Info:    ------------------------------------------------------
1053  |Info:    Registering I2C interface: /dev/i2c-3 Device 10DE:2504 Subsystem: 1043:881D
1053  |Info:    Registering I2C interface: /dev/i2c-1 Device 8086:7AA3 Subsystem: 1043:8694
1053  |Info:    Registering I2C interface: /dev/i2c-6 Device 10DE:2504 Subsystem: 1043:881D
1053  |Info:    Registering I2C interface: /dev/i2c-4 Device 10DE:2504 Subsystem: 1043:881D
1053  |Info:    Registering I2C interface: /dev/i2c-2 Device 10DE:2504 Subsystem: 1043:881D
1054  |Info:    Registering I2C interface: /dev/i2c-0 Device 0000:0000 Subsystem: 0000:0000
1054  |Info:    Registering I2C interface: /dev/i2c-5 Device 10DE:2504 Subsystem: 1043:881D
1054  |Info:    ------------------------------------------------------
1054  |Info:    |               Detecting I2C devices                |
1054  |Info:    ------------------------------------------------------
7539  |Info:    ------------------------------------------------------
7539  |Info:    |               Detecting I2C PCI devices            |
7539  |Info:    ------------------------------------------------------
7543  |Info:    ------------------------------------------------------
7543  |Info:    |               Detecting HID devices                |
7543  |Info:    ------------------------------------------------------
7628  |Info:    [ASUS PRIME B660M-A AC D4] Registering RGB controller
7628  |Info:    ------------------------------------------------------
7628  |Info:    |            Detecting libusb HID devices            |
7628  |Info:    ------------------------------------------------------
7628  |Info:    ------------------------------------------------------
7628  |Info:    |              Detecting other devices               |
7628  |Info:    ------------------------------------------------------
7659  |Info:    ------------------------------------------------------
7659  |Info:    |                Detection completed                 |
7659  |Info:    ------------------------------------------------------
